<?xml version='1.0'?>
<ns2:test-suite xmlns:ns2='urn:model.allure.qatools.yandex.ru' start='1535661648520' stop='1535661653328'>
    <name>navigate to board page</name>
    <title>navigate to board page</title>
    <test-cases>
        <test-case start='1535661648520' status='failed' stop='1535661653315'>
            <name>should close the board model box</name>
            <title>should close the board model box</title>
            <labels/>
            <parameters/>
            <steps/>
            <attachments>
                <attachment title='Screenshot' source='e2743e20-bf7a-4728-8d6c-3e20f847cb6f-attachment.png' type='image/png' size='1748009'/>
            </attachments>
            <failure>
                <message>Expected true to be false.</message>
                <stack-trace>Error: Failed expectation
                    at UserContext.&lt;anonymous> (/Users/Protractor/test/spec/istock_boards.js:41:49)
                    at /Users/Protractor/node_modules/jasminewd2/index.js:112:25
                    at new ManagedPromise (/Users/Protractor/node_modules/selenium-webdriver/lib/promise.js:1077:7)
                    at ControlFlow.promise (/Users/Protractor/node_modules/selenium-webdriver/lib/promise.js:2505:12)
                    at schedulerExecute (/Users/Protractor/node_modules/jasminewd2/index.js:95:18)
                    at TaskQueue.execute_ (/Users/Protractor/node_modules/selenium-webdriver/lib/promise.js:3084:14)
                    at TaskQueue.executeNext_ (/Users/Protractor/node_modules/selenium-webdriver/lib/promise.js:3067:27)
                    at asyncRun (/Users/Protractor/node_modules/selenium-webdriver/lib/promise.js:2974:25)
                    at /Users/Protractor/node_modules/selenium-webdriver/lib/promise.js:668:7</stack-trace>
            </failure>
        </test-case>
        <test-case start='1535661653315' status='pending' stop='1535661653328'>
            <name>it should navigate to Board page</name>
            <title>it should navigate to Board page</title>
            <labels/>
            <parameters/>
            <steps/>
            <attachments/>
            <failure>
                <message>This test was ignored</message>
                <stack-trace></stack-trace>
            </failure>
        </test-case>
    </test-cases>
</ns2:test-suite>