<?xml version='1.0'?>
<ns2:test-suite xmlns:ns2='urn:model.allure.qatools.yandex.ru' start='1535650633480' stop='1535650638796'>
    <name>navigate to proper navigation tab</name>
    <title>navigate to proper navigation tab</title>
    <test-cases>
        <test-case start='1535650633481' status='failed' stop='1535650638795'>
            <name>it should navigate to Pricing page</name>
            <title>it should navigate to Pricing page</title>
            <labels/>
            <parameters/>
            <steps/>
            <attachments>
                <attachment title='Screenshot' source='461ec66d-a707-478e-affb-ccee36455c5a-attachment.png' type='image/png' size='550964'/>
            </attachments>
            <failure>
                <message>Expected 'Save with flexible plans to suit every budget' to contain 'Savexx with flexible'.</message>
                <stack-trace>Error: Failed expectation
                    at UserContext.&lt;anonymous> (/Users/Protractor/test/spec/istock_homepage_navbar.js:43:47)
                    at /Users/Protractor/node_modules/jasminewd2/index.js:112:25
                    at new ManagedPromise (/Users/Protractor/node_modules/selenium-webdriver/lib/promise.js:1077:7)
                    at ControlFlow.promise (/Users/Protractor/node_modules/selenium-webdriver/lib/promise.js:2505:12)
                    at schedulerExecute (/Users/Protractor/node_modules/jasminewd2/index.js:95:18)
                    at TaskQueue.execute_ (/Users/Protractor/node_modules/selenium-webdriver/lib/promise.js:3084:14)
                    at TaskQueue.executeNext_ (/Users/Protractor/node_modules/selenium-webdriver/lib/promise.js:3067:27)
                    at asyncRun (/Users/Protractor/node_modules/selenium-webdriver/lib/promise.js:2974:25)
                    at /Users/Protractor/node_modules/selenium-webdriver/lib/promise.js:668:7</stack-trace>
            </failure>
        </test-case>
        <test-case start='1535650638796' status='pending' stop='1535650638796'>
            <name>it should navigate to Photos page</name>
            <title>it should navigate to Photos page</title>
            <labels/>
            <parameters/>
            <steps/>
            <attachments/>
            <failure>
                <message>This test was ignored</message>
                <stack-trace></stack-trace>
            </failure>
        </test-case>
        <test-case start='1535650638796' status='pending' stop='1535650638796'>
            <name>it should navigate to Illustrations page</name>
            <title>it should navigate to Illustrations page</title>
            <labels/>
            <parameters/>
            <steps/>
            <attachments/>
            <failure>
                <message>This test was ignored</message>
                <stack-trace></stack-trace>
            </failure>
        </test-case>
        <test-case start='1535650638796' status='pending' stop='1535650638796'>
            <name>it should navigate to Vidoe page</name>
            <title>it should navigate to Vidoe page</title>
            <labels/>
            <parameters/>
            <steps/>
            <attachments/>
            <failure>
                <message>This test was ignored</message>
                <stack-trace></stack-trace>
            </failure>
        </test-case>
        <test-case start='1535650638796' status='pending' stop='1535650638796'>
            <name>it should navigate to Audio page</name>
            <title>it should navigate to Audio page</title>
            <labels/>
            <parameters/>
            <steps/>
            <attachments/>
            <failure>
                <message>This test was ignored</message>
                <stack-trace></stack-trace>
            </failure>
        </test-case>
    </test-cases>
</ns2:test-suite>