<?xml version='1.0'?>
<ns2:test-suite xmlns:ns2='urn:model.allure.qatools.yandex.ru' start='1535661895408' stop='1535661900459'>
    <name>navigate to board page</name>
    <title>navigate to board page</title>
    <test-cases>
        <test-case start='1535661895408' status='failed' stop='1535661900447'>
            <name>should close the board model box</name>
            <title>should close the board model box</title>
            <labels/>
            <parameters/>
            <steps/>
            <attachments>
                <attachment title='Screenshot' source='508715b5-5152-4796-b6b0-6e6492e6db3e-attachment.png' type='image/png' size='1836290'/>
            </attachments>
            <failure>
                <message>Expected true to be false.</message>
                <stack-trace>Error: Failed expectation
                    at UserContext.&lt;anonymous> (/Users/Protractor/test/spec/istock_boards.js:42:49)
                    at /Users/Protractor/node_modules/jasminewd2/index.js:112:25
                    at new ManagedPromise (/Users/Protractor/node_modules/selenium-webdriver/lib/promise.js:1077:7)
                    at ControlFlow.promise (/Users/Protractor/node_modules/selenium-webdriver/lib/promise.js:2505:12)
                    at schedulerExecute (/Users/Protractor/node_modules/jasminewd2/index.js:95:18)
                    at TaskQueue.execute_ (/Users/Protractor/node_modules/selenium-webdriver/lib/promise.js:3084:14)
                    at TaskQueue.executeNext_ (/Users/Protractor/node_modules/selenium-webdriver/lib/promise.js:3067:27)
                    at asyncRun (/Users/Protractor/node_modules/selenium-webdriver/lib/promise.js:2974:25)
                    at /Users/Protractor/node_modules/selenium-webdriver/lib/promise.js:668:7</stack-trace>
            </failure>
        </test-case>
        <test-case start='1535661900447' status='pending' stop='1535661900458'>
            <name>it should navigate to Board page</name>
            <title>it should navigate to Board page</title>
            <labels/>
            <parameters/>
            <steps/>
            <attachments/>
            <failure>
                <message>This test was ignored</message>
                <stack-trace></stack-trace>
            </failure>
        </test-case>
    </test-cases>
</ns2:test-suite>